2019-01-13 13:48:51.280  INFO 12372 --- [main] c.hmrles.SpringMVC4AngularJSApplication  : Starting SpringMVC4AngularJSApplication on linux with PID 12372 (/home/hugo/eclipse-sts-workspace/DemoDocker/Spring-boot/Spring-Boot/springMVC4/target/classes started by hugo in /home/hugo/eclipse-sts-workspace/DemoDocker/Spring-boot/Spring-Boot/springMVC4)
2019-01-13 13:48:51.283  INFO 12372 --- [main] c.hmrles.SpringMVC4AngularJSApplication  : No profiles are active
2019-01-13 13:48:51.325  INFO 12372 --- [main] ationConfigEmbeddedWebApplicationContext : Refreshing org.springframework.boot.context.embedded.AnnotationConfigEmbeddedWebApplicationContext@2d127a61: startup date [Sun Jan 13 13:48:51 CST 2019]; root of context hierarchy
2019-01-13 13:48:51.686  INFO 12372 --- [main] o.s.b.f.s.DefaultListableBeanFactory     : Overriding bean definition for bean 'beanNameViewResolver' with a different definition: replacing [Root bean: class [null]; scope=; abstract=false; lazyInit=false; autowireMode=3; dependencyCheck=0; autowireCandidate=true; primary=false; factoryBeanName=org.springframework.boot.autoconfigure.web.ErrorMvcAutoConfiguration$WhitelabelErrorViewConfiguration; factoryMethodName=beanNameViewResolver; initMethodName=null; destroyMethodName=(inferred); defined in class path resource [org/springframework/boot/autoconfigure/web/ErrorMvcAutoConfiguration$WhitelabelErrorViewConfiguration.class]] with [Root bean: class [null]; scope=; abstract=false; lazyInit=false; autowireMode=3; dependencyCheck=0; autowireCandidate=true; primary=false; factoryBeanName=org.springframework.boot.autoconfigure.web.WebMvcAutoConfiguration$WebMvcAutoConfigurationAdapter; factoryMethodName=beanNameViewResolver; initMethodName=null; destroyMethodName=(inferred); defined in class path resource [org/springframework/boot/autoconfigure/web/WebMvcAutoConfiguration$WebMvcAutoConfigurationAdapter.class]]
2019-01-13 13:48:52.049  INFO 12372 --- [main] s.b.c.e.t.TomcatEmbeddedServletContainer : Tomcat initialized with port(s): 8090 (http)
2019-01-13 13:48:52.058  INFO 12372 --- [main] o.apache.catalina.core.StandardService   : Starting service Tomcat
2019-01-13 13:48:52.059  INFO 12372 --- [main] org.apache.catalina.core.StandardEngine  : Starting Servlet Engine: Apache Tomcat/8.0.28
2019-01-13 13:48:52.189  INFO 12372 --- [localhost-startStop-1] org.apache.jasper.servlet.TldScanner     : At least one JAR was scanned for TLDs yet contained no TLDs. Enable debug logging for this logger for a complete list of JARs that were scanned but no TLDs were found in them. Skipping unneeded JARs during scanning can improve startup time and JSP compilation time.
2019-01-13 13:48:52.192  INFO 12372 --- [localhost-startStop-1] o.a.c.c.C.[Tomcat].[localhost].[/]       : Initializing Spring embedded WebApplicationContext
2019-01-13 13:48:52.193  INFO 12372 --- [localhost-startStop-1] o.s.web.context.ContextLoader            : Root WebApplicationContext: initialization completed in 871 ms
2019-01-13 13:48:52.354  INFO 12372 --- [localhost-startStop-1] o.s.b.c.e.ServletRegistrationBean        : Mapping servlet: 'dispatcherServlet' to [/]
2019-01-13 13:48:52.357  INFO 12372 --- [localhost-startStop-1] o.s.b.c.embedded.FilterRegistrationBean  : Mapping filter: 'characterEncodingFilter' to: [/*]
2019-01-13 13:48:52.358  INFO 12372 --- [localhost-startStop-1] o.s.b.c.embedded.FilterRegistrationBean  : Mapping filter: 'hiddenHttpMethodFilter' to: [/*]
2019-01-13 13:48:52.358  INFO 12372 --- [localhost-startStop-1] o.s.b.c.embedded.FilterRegistrationBean  : Mapping filter: 'httpPutFormContentFilter' to: [/*]
2019-01-13 13:48:52.358  INFO 12372 --- [localhost-startStop-1] o.s.b.c.embedded.FilterRegistrationBean  : Mapping filter: 'requestContextFilter' to: [/*]
2019-01-13 13:48:52.465  INFO 12372 --- [main] s.w.s.m.m.a.RequestMappingHandlerAdapter : Looking for @ControllerAdvice: org.springframework.boot.context.embedded.AnnotationConfigEmbeddedWebApplicationContext@2d127a61: startup date [Sun Jan 13 13:48:51 CST 2019]; root of context hierarchy
2019-01-13 13:48:52.495  INFO 12372 --- [main] s.w.s.m.m.a.RequestMappingHandlerMapping : Mapped "{[/]}" onto public java.lang.String com.hmrles.controller.IndexController.getIndexPage()
2019-01-13 13:48:52.498  INFO 12372 --- [main] s.w.s.m.m.a.RequestMappingHandlerMapping : Mapped "{[/api/v1.0/user/{id}],methods=[GET],produces=[application/json]}" onto public org.springframework.http.ResponseEntity<com.hmrles.modelo.User> com.hmrles.controller.UserRestController.getUser(long)
2019-01-13 13:48:52.498  INFO 12372 --- [main] s.w.s.m.m.a.RequestMappingHandlerMapping : Mapped "{[/api/v1.0/user/],methods=[POST]}" onto public org.springframework.http.ResponseEntity<java.lang.Void> com.hmrles.controller.UserRestController.createUser(com.hmrles.modelo.User,org.springframework.web.util.UriComponentsBuilder)
2019-01-13 13:48:52.499  INFO 12372 --- [main] s.w.s.m.m.a.RequestMappingHandlerMapping : Mapped "{[/api/v1.0/user/{id}],methods=[DELETE]}" onto public org.springframework.http.ResponseEntity<com.hmrles.modelo.User> com.hmrles.controller.UserRestController.deleteUser(long)
2019-01-13 13:48:52.499  INFO 12372 --- [main] s.w.s.m.m.a.RequestMappingHandlerMapping : Mapped "{[/api/v1.0/user/],methods=[GET]}" onto public org.springframework.http.ResponseEntity<java.util.List<com.hmrles.modelo.User>> com.hmrles.controller.UserRestController.listAllUsers()
2019-01-13 13:48:52.499  INFO 12372 --- [main] s.w.s.m.m.a.RequestMappingHandlerMapping : Mapped "{[/api/v1.0/user/{id}],methods=[PUT]}" onto public org.springframework.http.ResponseEntity<com.hmrles.modelo.User> com.hmrles.controller.UserRestController.updateUser(long,com.hmrles.modelo.User)
2019-01-13 13:48:52.500  INFO 12372 --- [main] s.w.s.m.m.a.RequestMappingHandlerMapping : Mapped "{[/api/v1.0/user/],methods=[DELETE]}" onto public org.springframework.http.ResponseEntity<com.hmrles.modelo.User> com.hmrles.controller.UserRestController.deleteAllUsers()
2019-01-13 13:48:52.502  INFO 12372 --- [main] s.w.s.m.m.a.RequestMappingHandlerMapping : Mapped "{[/error],produces=[text/html]}" onto public org.springframework.web.servlet.ModelAndView org.springframework.boot.autoconfigure.web.BasicErrorController.errorHtml(javax.servlet.http.HttpServletRequest)
2019-01-13 13:48:52.503  INFO 12372 --- [main] s.w.s.m.m.a.RequestMappingHandlerMapping : Mapped "{[/error]}" onto public org.springframework.http.ResponseEntity<java.util.Map<java.lang.String, java.lang.Object>> org.springframework.boot.autoconfigure.web.BasicErrorController.error(javax.servlet.http.HttpServletRequest)
2019-01-13 13:48:52.517  INFO 12372 --- [main] o.s.w.s.handler.SimpleUrlHandlerMapping  : Mapped URL path [/webjars/**] onto handler of type [class org.springframework.web.servlet.resource.ResourceHttpRequestHandler]
2019-01-13 13:48:52.517  INFO 12372 --- [main] o.s.w.s.handler.SimpleUrlHandlerMapping  : Mapped URL path [/**] onto handler of type [class org.springframework.web.servlet.resource.ResourceHttpRequestHandler]
2019-01-13 13:48:52.536  INFO 12372 --- [main] o.s.w.s.handler.SimpleUrlHandlerMapping  : Mapped URL path [/**/favicon.ico] onto handler of type [class org.springframework.web.servlet.resource.ResourceHttpRequestHandler]
2019-01-13 13:48:52.599  INFO 12372 --- [main] o.s.j.e.a.AnnotationMBeanExporter        : Registering beans for JMX exposure on startup
2019-01-13 13:48:52.636  INFO 12372 --- [main] s.b.c.e.t.TomcatEmbeddedServletContainer : Tomcat started on port(s): 8090 (http)
2019-01-13 13:48:52.638  INFO 12372 --- [main] c.hmrles.SpringMVC4AngularJSApplication  : Started SpringMVC4AngularJSApplication in 1.54 seconds (JVM running for 1.965)
2019-01-13 13:50:07.957  INFO 12372 --- [http-nio-8090-exec-1] o.a.c.c.C.[Tomcat].[localhost].[/]       : Initializing Spring FrameworkServlet 'dispatcherServlet'
2019-01-13 13:50:07.958  INFO 12372 --- [http-nio-8090-exec-1] o.s.web.servlet.DispatcherServlet        : FrameworkServlet 'dispatcherServlet': initialization started
2019-01-13 13:50:07.967  INFO 12372 --- [http-nio-8090-exec-1] o.s.web.servlet.DispatcherServlet        : FrameworkServlet 'dispatcherServlet': initialization completed in 9 ms
2019-01-13 13:53:42.005  INFO 12372 --- [http-nio-8090-exec-7] c.hmrles.controller.UserRestController   : Eliinado usuario con 1
2019-01-13 13:56:07.056  INFO 12372 --- [http-nio-8090-exec-6] c.hmrles.controller.UserRestController   : Creando usuario Hugo
2019-01-13 14:16:35.996  INFO 12372 --- [http-nio-8090-exec-3] c.hmrles.controller.UserRestController   : Creando usuario sss
